<?xml version="1.0" encoding="UTF-8"?>
<testng-results ignored="0" total="2" passed="2" failed="0" skipped="0">
  <reporter-output>
  </reporter-output>
  <suite started-at="2023-12-11T04:47:50 EET" name="Default suite" finished-at="2023-12-11T04:47:58 EET" duration-ms="8105">
    <groups>
    </groups>
    <test started-at="2023-12-11T04:47:50 EET" name="Default test" finished-at="2023-12-11T04:47:58 EET" duration-ms="8105">
      <class name="packageTest.testPage">
        <test-method is-config="true" signature="setup()[pri:0, instance:packageTest.testPage@42a05533]" started-at="2023-12-11T04:47:50 EET" name="setup" finished-at="2023-12-11T04:47:50 EET" duration-ms="153" status="PASS">
          <reporter-output>
          </reporter-output>
        </test-method> <!-- setup -->
        <test-method signature="signup()[pri:1, instance:packageTest.testPage@42a05533]" started-at="2023-12-11T04:47:50 EET" name="signup" finished-at="2023-12-11T04:47:57 EET" duration-ms="6142" status="PASS">
          <reporter-output>
          </reporter-output>
        </test-method> <!-- signup -->
        <test-method signature="changePassword()[pri:2, instance:packageTest.testPage@42a05533]" started-at="2023-12-11T04:47:57 EET" name="changePassword" finished-at="2023-12-11T04:47:58 EET" duration-ms="1743" status="PASS">
          <reporter-output>
          </reporter-output>
        </test-method> <!-- changePassword -->
        <test-method is-config="true" signature="posttest()[pri:0, instance:packageTest.testPage@42a05533]" started-at="2023-12-11T04:47:58 EET" name="posttest" finished-at="2023-12-11T04:47:58 EET" duration-ms="0" status="PASS">
          <reporter-output>
          </reporter-output>
        </test-method> <!-- posttest -->
      </class> <!-- packageTest.testPage -->
    </test> <!-- Default test -->
  </suite> <!-- Default suite -->
</testng-results>
